********************************************************************************
DUPLICATOR-LITE PACKAGE-LOG: 2017-01-18 12:51:11
NOTICE: Do NOT post to public sites or forums 
********************************************************************************
VERSION:	1.1.26
WORDPRESS:	4.7.1
PHP INFO:	7.0.13 | SAPI: apache2handler
SERVER:		Apache/2.4.23 (Win32) OpenSSL/1.0.2h PHP/7.0.13 
PHP TIME LIMIT: (0) no time limit imposed 
PHP MAX MEMORY: 2048M (256M default) 
MEMORY STACK: 2MB 

********************************************************************************
DATABASE:
********************************************************************************
BUILD MODE:   PHP(query limit - 100)
MYSQLTIMEOUT: 5000
MYSQLDUMP:    Is Supported 
TABLES: total:30 | filtered:0 | create:30 
FILTERED: [] 
SQL CREATED: 20170118_wrdprss_587f64a95b9e25404170118125049_database.sql 
SQL FILE SIZE: 843.82KB (864067) 
SQL FILE TIME: 2017-01-18 12:51:12 
SQL RUNTIME: 0.16 sec. 

******************************************************************************** 
ARCHIVE (ZIP): 
******************************************************************************** 
ARCHIVE DIR:  C:/xampp/htdocs/wordpress 
ARCHIVE FILE: 20170118_wrdprss_587f64a95b9e25404170118125049_archive.zip 
FILTERS: *OFF* 
DIRS: not set 
EXTS:  not set 
---------------------------------------- 
COMPRESSING 
SIZE:	132.75MB 
STATS:	Dirs 897 | Files 10,684 
SQL ADDED: 20170118_wrdprss_587f64a95b9e25404170118125049_database.sql 
ZipArchive Object
(
    [status] => 0
    [statusSys] => 0
    [numFiles] => 11581
    [filename] => C:\xampp\htdocs\wordpress\wp-snapshots\tmp\20170118_wrdprss_587f64a95b9e25404170118125049_archive.zip
    [comment] => 
)
 
COMPRESSION RESULT: '1' 
COMPRESSED SIZE: 93.02MB 
ARCHIVE RUNTIME: 13.08 sec. 
MEMORY STACK: 6MB 

******************************************************************************** 
MAKE INSTALLER: 
******************************************************************************** 
Build Start 
Build Finished 
Preping for use 
Template parsed with new data 
Complete [C:/xampp/htdocs/wordpress/wp-snapshots/tmp/20170118_wrdprss_587f64a95b9e25404170118125049_installer.php] 
Added to archive 

******************************************************************************** 
INTEGRITY CHECKS: 
******************************************************************************** 
SQL File: 843.82KB 
Installer File: 352.36KB 
Archive File: 93.02MB  

********************************************************************************
RECORD ID:[1]
TOTAL PROCESS RUNTIME: 14.41 sec.
PEAK PHP MEMORY USED: 6MB
DONE PROCESSING => 20170118_wrdprss 2017-01-18 12:51:26
 
